********************************************************************************
DUPLICATOR-LITE PACKAGE-LOG: 2016-11-04 12:56:15
NOTICE: Do NOT post to public sites or forums 
********************************************************************************
VERSION:	1.1.20
WORDPRESS:	4.6.1
PHP INFO:	5.6.27-1+deb.sury.org~xenial+1 | SAPI: apache2handler
SERVER:		Apache/2.4.18 (Ubuntu) 
PHP TIME LIMIT: (0) no time limit imposed 
PHP MAX MEMORY: 2048M (128M default) 
MEMORY STACK: 56.5MB 

********************************************************************************
DATABASE:
********************************************************************************
BUILD MODE:   PHP(query limit - 100)
MYSQLTIMEOUT: 5000
MYSQLDUMP:    Is Supported 
TABLES: total:26 | filtered:0 | create:26 
FILTERED: [] 
SQL CREATED: 20161104_directory_581c856966a1a3113161104125609_database.sql 
SQL FILE SIZE: 2.6MB (2728439) 
SQL FILE TIME: 2016-11-04 12:56:16 
SQL RUNTIME: 0.23 sec. 

******************************************************************************** 
ARCHIVE (ZIP): 
******************************************************************************** 
ARCHIVE DIR:  /home/dev/directory/public_html 
ARCHIVE FILE: 20161104_directory_581c856966a1a3113161104125609_archive.zip 
FILTERS: *OFF* 
DIRS: not set 
EXTS:  not set 
---------------------------------------- 
COMPRESSING 
SIZE:	89.2MB 
STATS:	Dirs 740 | Files 5,979 
SQL ADDED: 20161104_directory_581c856966a1a3113161104125609_database.sql 
ZipArchive Object
(
    [status] => 0
    [statusSys] => 0
    [numFiles] => 6719
    [filename] => /home/dev/directory/public_html/wp-snapshots/tmp/20161104_directory_581c856966a1a3113161104125609_archive.zip
    [comment] => 
)
 
COMPRESSION RESULT: '1' 
COMPRESSED SIZE: 41.9MB 
ARCHIVE RUNTIME: 9.79 sec. 
MEMORY STACK: 59MB 

******************************************************************************** 
MAKE INSTALLER: 
******************************************************************************** 
Build Start 
Build Finished 
Preping for use 
Template parsed with new data 
Complete [/home/dev/directory/public_html/wp-snapshots/tmp/20161104_directory_581c856966a1a3113161104125609_installer.php] 
Added to archive 

******************************************************************************** 
INTEGRITY CHECKS: 
******************************************************************************** 
SQL File: 2.6MB 
Installer File: 351.92KB 
Archive File: 41.9MB  

********************************************************************************
RECORD ID:[1]
TOTAL PROCESS RUNTIME: 10.82 sec.
PEAK PHP MEMORY USED: 60.5MB
DONE PROCESSING => 20161104_directory 2016-11-04 12:56:26
 
